[0.427s] Invoking command in '/home/tei/ros2_ws/src/mypkg': PYTHONPATH=/home/tei/ros2_ws/src/build/mypkg/prefix_override:/home/tei/ros2_ws/src/install/mypkg/lib/python3.10/site-packages:${PYTHONPATH} /usr/bin/python3 setup.py egg_info --egg-base ../build/mypkg build --build-base /home/tei/ros2_ws/src/build/mypkg/build install --record /home/tei/ros2_ws/src/build/mypkg/install.log --single-version-externally-managed
[0.589s] running egg_info
[0.590s] creating ../build/mypkg/mypkg.egg-info
[0.590s] writing ../build/mypkg/mypkg.egg-info/PKG-INFO
[0.590s] writing dependency_links to ../build/mypkg/mypkg.egg-info/dependency_links.txt
[0.591s] writing entry points to ../build/mypkg/mypkg.egg-info/entry_points.txt
[0.591s] writing requirements to ../build/mypkg/mypkg.egg-info/requires.txt
[0.591s] writing top-level names to ../build/mypkg/mypkg.egg-info/top_level.txt
[0.591s] writing manifest file '../build/mypkg/mypkg.egg-info/SOURCES.txt'
[0.592s] reading manifest file '../build/mypkg/mypkg.egg-info/SOURCES.txt'
[0.592s] adding license file 'LICENSE'
[0.593s] writing manifest file '../build/mypkg/mypkg.egg-info/SOURCES.txt'
[0.593s] running build
[0.593s] running build_py
[0.593s] creating /home/tei/ros2_ws/src/build/mypkg/build
[0.593s] creating /home/tei/ros2_ws/src/build/mypkg/build/lib
[0.593s] creating /home/tei/ros2_ws/src/build/mypkg/build/lib/mypkg
[0.593s] copying mypkg/listener.py -> /home/tei/ros2_ws/src/build/mypkg/build/lib/mypkg
[0.593s] copying mypkg/talker.py -> /home/tei/ros2_ws/src/build/mypkg/build/lib/mypkg
[0.594s] copying mypkg/__init__.py -> /home/tei/ros2_ws/src/build/mypkg/build/lib/mypkg
[0.594s] running install
[0.594s] /usr/lib/python3/dist-packages/setuptools/command/install.py:34: SetuptoolsDeprecationWarning: setup.py install is deprecated. Use build and pip and other standards-based tools.
[0.594s]   warnings.warn(
[0.594s] running install_lib
[0.595s] creating /home/tei/ros2_ws/src/install/mypkg/lib/python3.10/site-packages/mypkg
[0.595s] copying /home/tei/ros2_ws/src/build/mypkg/build/lib/mypkg/listener.py -> /home/tei/ros2_ws/src/install/mypkg/lib/python3.10/site-packages/mypkg
[0.595s] copying /home/tei/ros2_ws/src/build/mypkg/build/lib/mypkg/talker.py -> /home/tei/ros2_ws/src/install/mypkg/lib/python3.10/site-packages/mypkg
[0.595s] copying /home/tei/ros2_ws/src/build/mypkg/build/lib/mypkg/__init__.py -> /home/tei/ros2_ws/src/install/mypkg/lib/python3.10/site-packages/mypkg
[0.595s] byte-compiling /home/tei/ros2_ws/src/install/mypkg/lib/python3.10/site-packages/mypkg/listener.py to listener.cpython-310.pyc
[0.596s] byte-compiling /home/tei/ros2_ws/src/install/mypkg/lib/python3.10/site-packages/mypkg/talker.py to talker.cpython-310.pyc
[0.596s] byte-compiling /home/tei/ros2_ws/src/install/mypkg/lib/python3.10/site-packages/mypkg/__init__.py to __init__.cpython-310.pyc
[0.596s] running install_data
[0.596s] creating /home/tei/ros2_ws/src/install/mypkg/share/ament_index
[0.597s] creating /home/tei/ros2_ws/src/install/mypkg/share/ament_index/resource_index
[0.597s] creating /home/tei/ros2_ws/src/install/mypkg/share/ament_index/resource_index/packages
[0.597s] copying resource/mypkg -> /home/tei/ros2_ws/src/install/mypkg/share/ament_index/resource_index/packages
[0.597s] copying package.xml -> /home/tei/ros2_ws/src/install/mypkg/share/mypkg
[0.597s] copying launch/talk_listen.launch.py -> /home/tei/ros2_ws/src/install/mypkg/share/mypkg
[0.597s] running install_egg_info
[0.598s] Copying ../build/mypkg/mypkg.egg-info to /home/tei/ros2_ws/src/install/mypkg/lib/python3.10/site-packages/mypkg-0.0.0-py3.10.egg-info
[0.599s] running install_scripts
[0.616s] Installing listener script to /home/tei/ros2_ws/src/install/mypkg/lib/mypkg
[0.617s] Installing talker script to /home/tei/ros2_ws/src/install/mypkg/lib/mypkg
[0.617s] writing list of installed files to '/home/tei/ros2_ws/src/build/mypkg/install.log'
[0.638s] Invoked command in '/home/tei/ros2_ws/src/mypkg' returned '0': PYTHONPATH=/home/tei/ros2_ws/src/build/mypkg/prefix_override:/home/tei/ros2_ws/src/install/mypkg/lib/python3.10/site-packages:${PYTHONPATH} /usr/bin/python3 setup.py egg_info --egg-base ../build/mypkg build --build-base /home/tei/ros2_ws/src/build/mypkg/build install --record /home/tei/ros2_ws/src/build/mypkg/install.log --single-version-externally-managed
