[0.170s] Invoking command in '/home/tei/ros2_ws/src/build/person_msgs': CMAKE_PREFIX_PATH=${CMAKE_PREFIX_PATH}:/home/tei/ros2_ws/install/mypkg:/opt/ros/humble /usr/bin/cmake --build /home/tei/ros2_ws/src/build/person_msgs -- -j20 -l20
[0.180s] -- Found ament_cmake: 1.3.5 (/opt/ros/humble/share/ament_cmake/cmake)
[0.264s] -- Found rosidl_default_generators: 1.2.0 (/opt/ros/humble/share/rosidl_default_generators/cmake)
[0.265s] -- Using all available rosidl_typesupport_c: rosidl_typesupport_fastrtps_c;rosidl_typesupport_introspection_c
[0.267s] -- Found rosidl_adapter: 3.1.5 (/opt/ros/humble/share/rosidl_adapter/cmake)
[0.573s] -- Using all available rosidl_typesupport_cpp: rosidl_typesupport_fastrtps_cpp;rosidl_typesupport_introspection_cpp
[0.718s] -- Found ament_cmake_ros: 0.10.0 (/opt/ros/humble/share/ament_cmake_ros/cmake)
[0.813s] -- Using all available rosidl_typesupport_c: rosidl_typesupport_fastrtps_c;rosidl_typesupport_introspection_c
[0.942s] -- Using all available rosidl_typesupport_cpp: rosidl_typesupport_fastrtps_cpp;rosidl_typesupport_introspection_cpp
[0.954s] -- Found python_cmake_module: 0.10.0 (/opt/ros/humble/share/python_cmake_module/cmake)
[0.966s] -- Using PYTHON_EXECUTABLE: /usr/bin/python3
[0.966s] -- Using PYTHON_INCLUDE_DIRS: /usr/include/python3.10
[0.966s] -- Using PYTHON_LIBRARIES: /usr/lib/x86_64-linux-gnu/libpython3.10.so
[0.971s] -- Found ament_lint_auto: 0.12.8 (/opt/ros/humble/share/ament_lint_auto/cmake)
[0.975s] -- Added test 'lint_cmake' to check CMake code style
[0.975s] -- Added test 'xmllint' to check XML markup files
[0.976s] -- Configuring done
[0.990s] -- Generating done
[0.992s] -- Build files have been written to: /home/tei/ros2_ws/src/build/person_msgs
[1.006s] [35m[1mConsolidate compiler generated dependencies of target person_msgs__rosidl_generator_c[0m
[1.011s] [  3%] Built target person_msgs__cpp
[1.011s] [  6%] [32m[1mLinking C shared library libperson_msgs__rosidl_generator_c.so[0m
[1.015s] [  6%] Built target ament_cmake_python_copy_person_msgs
[1.016s] [35m[1mConsolidate compiler generated dependencies of target person_msgs__rosidl_typesupport_cpp[0m
[1.016s] [35m[1mConsolidate compiler generated dependencies of target person_msgs__rosidl_typesupport_introspection_cpp[0m
[1.016s] [35m[1mConsolidate compiler generated dependencies of target person_msgs__rosidl_typesupport_fastrtps_cpp[0m
[1.022s] [  9%] [32m[1mLinking CXX shared library libperson_msgs__rosidl_typesupport_cpp.so[0m
[1.022s] [ 12%] [32m[1mLinking CXX shared library libperson_msgs__rosidl_typesupport_introspection_cpp.so[0m
[1.023s] [ 16%] [32m[1mLinking CXX shared library libperson_msgs__rosidl_typesupport_fastrtps_cpp.so[0m
[1.121s] [ 22%] Built target person_msgs__rosidl_generator_c
[1.127s] [35m[1mConsolidate compiler generated dependencies of target person_msgs__rosidl_typesupport_c[0m
[1.128s] [35m[1mConsolidate compiler generated dependencies of target person_msgs__rosidl_typesupport_fastrtps_c[0m
[1.128s] [35m[1mConsolidate compiler generated dependencies of target person_msgs__rosidl_typesupport_introspection_c[0m
[1.136s] [ 25%] [32m[1mLinking CXX shared library libperson_msgs__rosidl_typesupport_fastrtps_c.so[0m
[1.136s] [ 29%] [32m[1mLinking CXX shared library libperson_msgs__rosidl_typesupport_c.so[0m
[1.137s] [ 32%] [32m[1mLinking C shared library libperson_msgs__rosidl_typesupport_introspection_c.so[0m
[1.139s] running egg_info
[1.139s] writing person_msgs.egg-info/PKG-INFO
[1.139s] writing dependency_links to person_msgs.egg-info/dependency_links.txt
[1.140s] writing top-level names to person_msgs.egg-info/top_level.txt
[1.141s] reading manifest file 'person_msgs.egg-info/SOURCES.txt'
[1.141s] writing manifest file 'person_msgs.egg-info/SOURCES.txt'
[1.143s] [ 38%] Built target person_msgs__rosidl_typesupport_introspection_cpp
[1.155s] [ 45%] Built target person_msgs__rosidl_typesupport_fastrtps_cpp
[1.155s] [ 51%] Built target person_msgs__rosidl_typesupport_cpp
[1.159s] [ 51%] Built target ament_cmake_python_build_person_msgs_egg
[1.218s] [ 58%] Built target person_msgs__rosidl_typesupport_introspection_c
[1.225s] [ 64%] Built target person_msgs__rosidl_typesupport_c
[1.240s] [ 70%] Built target person_msgs__rosidl_typesupport_fastrtps_c
[1.249s] [ 70%] Built target person_msgs
[1.258s] [ 74%] Built target person_msgs__py
[1.263s] [35m[1mConsolidate compiler generated dependencies of target person_msgs__rosidl_generator_py[0m
[1.268s] [ 77%] [32m[1mLinking C shared library rosidl_generator_py/person_msgs/libperson_msgs__rosidl_generator_py.so[0m
[1.383s] [ 80%] Built target person_msgs__rosidl_generator_py
[1.388s] [35m[1mConsolidate compiler generated dependencies of target person_msgs__rosidl_typesupport_fastrtps_c__pyext[0m
[1.388s] [35m[1mConsolidate compiler generated dependencies of target person_msgs__rosidl_typesupport_introspection_c__pyext[0m
[1.388s] [35m[1mConsolidate compiler generated dependencies of target person_msgs__rosidl_typesupport_c__pyext[0m
[1.394s] [ 87%] [32m[1mLinking C shared library rosidl_generator_py/person_msgs/person_msgs_s__rosidl_typesupport_fastrtps_c.cpython-310-x86_64-linux-gnu.so[0m
[1.394s] [ 87%] [32m[1mLinking C shared library rosidl_generator_py/person_msgs/person_msgs_s__rosidl_typesupport_introspection_c.cpython-310-x86_64-linux-gnu.so[0m
[1.394s] [ 90%] [32m[1mLinking C shared library rosidl_generator_py/person_msgs/person_msgs_s__rosidl_typesupport_c.cpython-310-x86_64-linux-gnu.so[0m
[1.503s] [ 96%] Built target person_msgs__rosidl_typesupport_fastrtps_c__pyext
[1.503s] [ 96%] Built target person_msgs__rosidl_typesupport_introspection_c__pyext
[1.504s] [100%] Built target person_msgs__rosidl_typesupport_c__pyext
[1.511s] Invoked command in '/home/tei/ros2_ws/src/build/person_msgs' returned '0': CMAKE_PREFIX_PATH=${CMAKE_PREFIX_PATH}:/home/tei/ros2_ws/install/mypkg:/opt/ros/humble /usr/bin/cmake --build /home/tei/ros2_ws/src/build/person_msgs -- -j20 -l20
[1.544s] Invoking command in '/home/tei/ros2_ws/src/build/person_msgs': CMAKE_PREFIX_PATH=${CMAKE_PREFIX_PATH}:/home/tei/ros2_ws/install/mypkg:/opt/ros/humble /usr/bin/cmake --install /home/tei/ros2_ws/src/build/person_msgs
[1.548s] -- Install configuration: ""
[1.548s] -- Installing: /home/tei/ros2_ws/src/install/person_msgs/share/ament_index/resource_index/rosidl_interfaces/person_msgs
[1.548s] -- Up-to-date: /home/tei/ros2_ws/src/install/person_msgs/include/person_msgs/person_msgs
[1.548s] -- Up-to-date: /home/tei/ros2_ws/src/install/person_msgs/include/person_msgs/person_msgs/msg
[1.548s] -- Up-to-date: /home/tei/ros2_ws/src/install/person_msgs/include/person_msgs/person_msgs/msg/person.h
[1.548s] -- Up-to-date: /home/tei/ros2_ws/src/install/person_msgs/include/person_msgs/person_msgs/msg/rosidl_generator_c__visibility_control.h
[1.548s] -- Up-to-date: /home/tei/ros2_ws/src/install/person_msgs/include/person_msgs/person_msgs/msg/detail
[1.548s] -- Up-to-date: /home/tei/ros2_ws/src/install/person_msgs/include/person_msgs/person_msgs/msg/detail/person__type_support.h
[1.548s] -- Up-to-date: /home/tei/ros2_ws/src/install/person_msgs/include/person_msgs/person_msgs/msg/detail/person__functions.h
[1.548s] -- Up-to-date: /home/tei/ros2_ws/src/install/person_msgs/include/person_msgs/person_msgs/msg/detail/person__struct.h
[1.548s] -- Up-to-date: /home/tei/ros2_ws/src/install/person_msgs/include/person_msgs/person_msgs/msg/detail/person__functions.c
[1.548s] -- Up-to-date: /home/tei/ros2_ws/src/install/person_msgs/include/person_msgs/person_msgs/srv
[1.549s] -- Up-to-date: /home/tei/ros2_ws/src/install/person_msgs/include/person_msgs/person_msgs/srv/query.h
[1.549s] -- Up-to-date: /home/tei/ros2_ws/src/install/person_msgs/include/person_msgs/person_msgs/srv/detail
[1.549s] -- Up-to-date: /home/tei/ros2_ws/src/install/person_msgs/include/person_msgs/person_msgs/srv/detail/query__functions.c
[1.549s] -- Up-to-date: /home/tei/ros2_ws/src/install/person_msgs/include/person_msgs/person_msgs/srv/detail/query__functions.h
[1.549s] -- Up-to-date: /home/tei/ros2_ws/src/install/person_msgs/include/person_msgs/person_msgs/srv/detail/query__struct.h
[1.549s] -- Up-to-date: /home/tei/ros2_ws/src/install/person_msgs/include/person_msgs/person_msgs/srv/detail/query__type_support.h
[1.549s] -- Up-to-date: /home/tei/ros2_ws/src/install/person_msgs/share/person_msgs/environment/library_path.sh
[1.549s] -- Installing: /home/tei/ros2_ws/src/install/person_msgs/share/person_msgs/environment/library_path.dsv
[1.549s] -- Installing: /home/tei/ros2_ws/src/install/person_msgs/lib/libperson_msgs__rosidl_generator_c.so
[1.549s] -- Set runtime path of "/home/tei/ros2_ws/src/install/person_msgs/lib/libperson_msgs__rosidl_generator_c.so" to ""
[1.549s] -- Up-to-date: /home/tei/ros2_ws/src/install/person_msgs/include/person_msgs/person_msgs
[1.549s] -- Up-to-date: /home/tei/ros2_ws/src/install/person_msgs/include/person_msgs/person_msgs/msg
[1.549s] -- Up-to-date: /home/tei/ros2_ws/src/install/person_msgs/include/person_msgs/person_msgs/msg/rosidl_typesupport_fastrtps_c__visibility_control.h
[1.549s] -- Up-to-date: /home/tei/ros2_ws/src/install/person_msgs/include/person_msgs/person_msgs/msg/detail
[1.549s] -- Up-to-date: /home/tei/ros2_ws/src/install/person_msgs/include/person_msgs/person_msgs/msg/detail/person__rosidl_typesupport_fastrtps_c.h
[1.549s] -- Up-to-date: /home/tei/ros2_ws/src/install/person_msgs/include/person_msgs/person_msgs/srv
[1.549s] -- Up-to-date: /home/tei/ros2_ws/src/install/person_msgs/include/person_msgs/person_msgs/srv/detail
[1.550s] -- Up-to-date: /home/tei/ros2_ws/src/install/person_msgs/include/person_msgs/person_msgs/srv/detail/query__rosidl_typesupport_fastrtps_c.h
[1.550s] -- Installing: /home/tei/ros2_ws/src/install/person_msgs/lib/libperson_msgs__rosidl_typesupport_fastrtps_c.so
[1.550s] -- Set runtime path of "/home/tei/ros2_ws/src/install/person_msgs/lib/libperson_msgs__rosidl_typesupport_fastrtps_c.so" to ""
[1.550s] -- Up-to-date: /home/tei/ros2_ws/src/install/person_msgs/include/person_msgs/person_msgs
[1.550s] -- Up-to-date: /home/tei/ros2_ws/src/install/person_msgs/include/person_msgs/person_msgs/msg
[1.550s] -- Up-to-date: /home/tei/ros2_ws/src/install/person_msgs/include/person_msgs/person_msgs/msg/rosidl_typesupport_introspection_c__visibility_control.h
[1.550s] -- Up-to-date: /home/tei/ros2_ws/src/install/person_msgs/include/person_msgs/person_msgs/msg/detail
[1.550s] -- Up-to-date: /home/tei/ros2_ws/src/install/person_msgs/include/person_msgs/person_msgs/msg/detail/person__type_support.c
[1.550s] -- Up-to-date: /home/tei/ros2_ws/src/install/person_msgs/include/person_msgs/person_msgs/msg/detail/person__rosidl_typesupport_introspection_c.h
[1.550s] -- Up-to-date: /home/tei/ros2_ws/src/install/person_msgs/include/person_msgs/person_msgs/srv
[1.550s] -- Up-to-date: /home/tei/ros2_ws/src/install/person_msgs/include/person_msgs/person_msgs/srv/detail
[1.550s] -- Up-to-date: /home/tei/ros2_ws/src/install/person_msgs/include/person_msgs/person_msgs/srv/detail/query__rosidl_typesupport_introspection_c.h
[1.550s] -- Up-to-date: /home/tei/ros2_ws/src/install/person_msgs/include/person_msgs/person_msgs/srv/detail/query__type_support.c
[1.550s] -- Installing: /home/tei/ros2_ws/src/install/person_msgs/lib/libperson_msgs__rosidl_typesupport_introspection_c.so
[1.550s] -- Set runtime path of "/home/tei/ros2_ws/src/install/person_msgs/lib/libperson_msgs__rosidl_typesupport_introspection_c.so" to ""
[1.551s] -- Installing: /home/tei/ros2_ws/src/install/person_msgs/lib/libperson_msgs__rosidl_typesupport_c.so
[1.551s] -- Set runtime path of "/home/tei/ros2_ws/src/install/person_msgs/lib/libperson_msgs__rosidl_typesupport_c.so" to ""
[1.551s] -- Up-to-date: /home/tei/ros2_ws/src/install/person_msgs/include/person_msgs/person_msgs
[1.551s] -- Up-to-date: /home/tei/ros2_ws/src/install/person_msgs/include/person_msgs/person_msgs/msg
[1.551s] -- Up-to-date: /home/tei/ros2_ws/src/install/person_msgs/include/person_msgs/person_msgs/msg/person.hpp
[1.551s] -- Up-to-date: /home/tei/ros2_ws/src/install/person_msgs/include/person_msgs/person_msgs/msg/detail
[1.551s] -- Up-to-date: /home/tei/ros2_ws/src/install/person_msgs/include/person_msgs/person_msgs/msg/detail/person__builder.hpp
[1.551s] -- Up-to-date: /home/tei/ros2_ws/src/install/person_msgs/include/person_msgs/person_msgs/msg/detail/person__struct.hpp
[1.551s] -- Up-to-date: /home/tei/ros2_ws/src/install/person_msgs/include/person_msgs/person_msgs/msg/detail/person__traits.hpp
[1.551s] -- Up-to-date: /home/tei/ros2_ws/src/install/person_msgs/include/person_msgs/person_msgs/srv
[1.551s] -- Up-to-date: /home/tei/ros2_ws/src/install/person_msgs/include/person_msgs/person_msgs/srv/query.hpp
[1.551s] -- Up-to-date: /home/tei/ros2_ws/src/install/person_msgs/include/person_msgs/person_msgs/srv/detail
[1.552s] -- Up-to-date: /home/tei/ros2_ws/src/install/person_msgs/include/person_msgs/person_msgs/srv/detail/query__traits.hpp
[1.552s] -- Up-to-date: /home/tei/ros2_ws/src/install/person_msgs/include/person_msgs/person_msgs/srv/detail/query__builder.hpp
[1.552s] -- Up-to-date: /home/tei/ros2_ws/src/install/person_msgs/include/person_msgs/person_msgs/srv/detail/query__struct.hpp
[1.552s] -- Up-to-date: /home/tei/ros2_ws/src/install/person_msgs/include/person_msgs/person_msgs
[1.552s] -- Up-to-date: /home/tei/ros2_ws/src/install/person_msgs/include/person_msgs/person_msgs/msg
[1.552s] -- Up-to-date: /home/tei/ros2_ws/src/install/person_msgs/include/person_msgs/person_msgs/msg/rosidl_typesupport_fastrtps_cpp__visibility_control.h
[1.552s] -- Up-to-date: /home/tei/ros2_ws/src/install/person_msgs/include/person_msgs/person_msgs/msg/detail
[1.552s] -- Up-to-date: /home/tei/ros2_ws/src/install/person_msgs/include/person_msgs/person_msgs/msg/detail/dds_fastrtps
[1.552s] -- Up-to-date: /home/tei/ros2_ws/src/install/person_msgs/include/person_msgs/person_msgs/msg/detail/person__rosidl_typesupport_fastrtps_cpp.hpp
[1.552s] -- Up-to-date: /home/tei/ros2_ws/src/install/person_msgs/include/person_msgs/person_msgs/srv
[1.552s] -- Up-to-date: /home/tei/ros2_ws/src/install/person_msgs/include/person_msgs/person_msgs/srv/detail
[1.552s] -- Up-to-date: /home/tei/ros2_ws/src/install/person_msgs/include/person_msgs/person_msgs/srv/detail/dds_fastrtps
[1.552s] -- Up-to-date: /home/tei/ros2_ws/src/install/person_msgs/include/person_msgs/person_msgs/srv/detail/query__rosidl_typesupport_fastrtps_cpp.hpp
[1.552s] -- Installing: /home/tei/ros2_ws/src/install/person_msgs/lib/libperson_msgs__rosidl_typesupport_fastrtps_cpp.so
[1.552s] -- Set runtime path of "/home/tei/ros2_ws/src/install/person_msgs/lib/libperson_msgs__rosidl_typesupport_fastrtps_cpp.so" to ""
[1.552s] -- Up-to-date: /home/tei/ros2_ws/src/install/person_msgs/include/person_msgs/person_msgs
[1.552s] -- Up-to-date: /home/tei/ros2_ws/src/install/person_msgs/include/person_msgs/person_msgs/msg
[1.552s] -- Up-to-date: /home/tei/ros2_ws/src/install/person_msgs/include/person_msgs/person_msgs/msg/detail
[1.552s] -- Up-to-date: /home/tei/ros2_ws/src/install/person_msgs/include/person_msgs/person_msgs/msg/detail/person__type_support.cpp
[1.552s] -- Up-to-date: /home/tei/ros2_ws/src/install/person_msgs/include/person_msgs/person_msgs/msg/detail/person__rosidl_typesupport_introspection_cpp.hpp
[1.552s] -- Up-to-date: /home/tei/ros2_ws/src/install/person_msgs/include/person_msgs/person_msgs/srv
[1.552s] -- Up-to-date: /home/tei/ros2_ws/src/install/person_msgs/include/person_msgs/person_msgs/srv/detail
[1.552s] -- Up-to-date: /home/tei/ros2_ws/src/install/person_msgs/include/person_msgs/person_msgs/srv/detail/query__rosidl_typesupport_introspection_cpp.hpp
[1.552s] -- Up-to-date: /home/tei/ros2_ws/src/install/person_msgs/include/person_msgs/person_msgs/srv/detail/query__type_support.cpp
[1.552s] -- Installing: /home/tei/ros2_ws/src/install/person_msgs/lib/libperson_msgs__rosidl_typesupport_introspection_cpp.so
[1.552s] -- Set runtime path of "/home/tei/ros2_ws/src/install/person_msgs/lib/libperson_msgs__rosidl_typesupport_introspection_cpp.so" to ""
[1.552s] -- Installing: /home/tei/ros2_ws/src/install/person_msgs/lib/libperson_msgs__rosidl_typesupport_cpp.so
[1.552s] -- Set runtime path of "/home/tei/ros2_ws/src/install/person_msgs/lib/libperson_msgs__rosidl_typesupport_cpp.so" to ""
[1.553s] -- Up-to-date: /home/tei/ros2_ws/src/install/person_msgs/share/person_msgs/environment/pythonpath.sh
[1.553s] -- Installing: /home/tei/ros2_ws/src/install/person_msgs/share/person_msgs/environment/pythonpath.dsv
[1.553s] -- Up-to-date: /home/tei/ros2_ws/src/install/person_msgs/local/lib/python3.10/dist-packages/person_msgs-0.0.0-py3.10.egg-info
[1.553s] -- Installing: /home/tei/ros2_ws/src/install/person_msgs/local/lib/python3.10/dist-packages/person_msgs-0.0.0-py3.10.egg-info/SOURCES.txt
[1.553s] -- Installing: /home/tei/ros2_ws/src/install/person_msgs/local/lib/python3.10/dist-packages/person_msgs-0.0.0-py3.10.egg-info/dependency_links.txt
[1.553s] -- Installing: /home/tei/ros2_ws/src/install/person_msgs/local/lib/python3.10/dist-packages/person_msgs-0.0.0-py3.10.egg-info/top_level.txt
[1.553s] -- Installing: /home/tei/ros2_ws/src/install/person_msgs/local/lib/python3.10/dist-packages/person_msgs-0.0.0-py3.10.egg-info/PKG-INFO
[1.553s] -- Up-to-date: /home/tei/ros2_ws/src/install/person_msgs/local/lib/python3.10/dist-packages/person_msgs
[1.553s] -- Installing: /home/tei/ros2_ws/src/install/person_msgs/local/lib/python3.10/dist-packages/person_msgs/libperson_msgs__rosidl_generator_py.so
[1.553s] -- Installing: /home/tei/ros2_ws/src/install/person_msgs/local/lib/python3.10/dist-packages/person_msgs/person_msgs_s__rosidl_typesupport_fastrtps_c.cpython-310-x86_64-linux-gnu.so
[1.553s] -- Up-to-date: /home/tei/ros2_ws/src/install/person_msgs/local/lib/python3.10/dist-packages/person_msgs/_person_msgs_s.ep.rosidl_typesupport_introspection_c.c
[1.553s] -- Up-to-date: /home/tei/ros2_ws/src/install/person_msgs/local/lib/python3.10/dist-packages/person_msgs/msg
[1.553s] -- Up-to-date: /home/tei/ros2_ws/src/install/person_msgs/local/lib/python3.10/dist-packages/person_msgs/msg/_person_s.c
[1.553s] -- Up-to-date: /home/tei/ros2_ws/src/install/person_msgs/local/lib/python3.10/dist-packages/person_msgs/msg/__init__.py
[1.553s] -- Up-to-date: /home/tei/ros2_ws/src/install/person_msgs/local/lib/python3.10/dist-packages/person_msgs/msg/_person.py
[1.553s] -- Installing: /home/tei/ros2_ws/src/install/person_msgs/local/lib/python3.10/dist-packages/person_msgs/person_msgs_s__rosidl_typesupport_introspection_c.cpython-310-x86_64-linux-gnu.so
[1.553s] -- Up-to-date: /home/tei/ros2_ws/src/install/person_msgs/local/lib/python3.10/dist-packages/person_msgs/_person_msgs_s.ep.rosidl_typesupport_fastrtps_c.c
[1.553s] -- Up-to-date: /home/tei/ros2_ws/src/install/person_msgs/local/lib/python3.10/dist-packages/person_msgs/srv
[1.553s] -- Up-to-date: /home/tei/ros2_ws/src/install/person_msgs/local/lib/python3.10/dist-packages/person_msgs/srv/_query_s.c
[1.553s] -- Up-to-date: /home/tei/ros2_ws/src/install/person_msgs/local/lib/python3.10/dist-packages/person_msgs/srv/_query.py
[1.553s] -- Up-to-date: /home/tei/ros2_ws/src/install/person_msgs/local/lib/python3.10/dist-packages/person_msgs/srv/__init__.py
[1.553s] -- Installing: /home/tei/ros2_ws/src/install/person_msgs/local/lib/python3.10/dist-packages/person_msgs/__init__.py
[1.553s] -- Up-to-date: /home/tei/ros2_ws/src/install/person_msgs/local/lib/python3.10/dist-packages/person_msgs/_person_msgs_s.ep.rosidl_typesupport_c.c
[1.553s] -- Installing: /home/tei/ros2_ws/src/install/person_msgs/local/lib/python3.10/dist-packages/person_msgs/person_msgs_s__rosidl_typesupport_c.cpython-310-x86_64-linux-gnu.so
[1.570s] Listing '/home/tei/ros2_ws/src/install/person_msgs/local/lib/python3.10/dist-packages/person_msgs'...
[1.570s] Compiling '/home/tei/ros2_ws/src/install/person_msgs/local/lib/python3.10/dist-packages/person_msgs/__init__.py'...
[1.570s] Listing '/home/tei/ros2_ws/src/install/person_msgs/local/lib/python3.10/dist-packages/person_msgs/msg'...
[1.570s] Listing '/home/tei/ros2_ws/src/install/person_msgs/local/lib/python3.10/dist-packages/person_msgs/srv'...
[1.573s] -- Installing: /home/tei/ros2_ws/src/install/person_msgs/local/lib/python3.10/dist-packages/person_msgs/person_msgs_s__rosidl_typesupport_fastrtps_c.cpython-310-x86_64-linux-gnu.so
[1.573s] -- Set runtime path of "/home/tei/ros2_ws/src/install/person_msgs/local/lib/python3.10/dist-packages/person_msgs/person_msgs_s__rosidl_typesupport_fastrtps_c.cpython-310-x86_64-linux-gnu.so" to ""
[1.573s] -- Installing: /home/tei/ros2_ws/src/install/person_msgs/local/lib/python3.10/dist-packages/person_msgs/person_msgs_s__rosidl_typesupport_introspection_c.cpython-310-x86_64-linux-gnu.so
[1.573s] -- Set runtime path of "/home/tei/ros2_ws/src/install/person_msgs/local/lib/python3.10/dist-packages/person_msgs/person_msgs_s__rosidl_typesupport_introspection_c.cpython-310-x86_64-linux-gnu.so" to ""
[1.574s] -- Installing: /home/tei/ros2_ws/src/install/person_msgs/local/lib/python3.10/dist-packages/person_msgs/person_msgs_s__rosidl_typesupport_c.cpython-310-x86_64-linux-gnu.so
[1.574s] -- Set runtime path of "/home/tei/ros2_ws/src/install/person_msgs/local/lib/python3.10/dist-packages/person_msgs/person_msgs_s__rosidl_typesupport_c.cpython-310-x86_64-linux-gnu.so" to ""
[1.574s] -- Installing: /home/tei/ros2_ws/src/install/person_msgs/lib/libperson_msgs__rosidl_generator_py.so
[1.574s] -- Set runtime path of "/home/tei/ros2_ws/src/install/person_msgs/lib/libperson_msgs__rosidl_generator_py.so" to ""
[1.574s] -- Up-to-date: /home/tei/ros2_ws/src/install/person_msgs/share/person_msgs/msg/Person.idl
[1.574s] -- Installing: /home/tei/ros2_ws/src/install/person_msgs/share/person_msgs/msg/Person.msg
[1.574s] -- Up-to-date: /home/tei/ros2_ws/src/install/person_msgs/share/ament_index/resource_index/package_run_dependencies/person_msgs
[1.574s] -- Up-to-date: /home/tei/ros2_ws/src/install/person_msgs/share/ament_index/resource_index/parent_prefix_path/person_msgs
[1.574s] -- Up-to-date: /home/tei/ros2_ws/src/install/person_msgs/share/person_msgs/environment/ament_prefix_path.sh
[1.574s] -- Installing: /home/tei/ros2_ws/src/install/person_msgs/share/person_msgs/environment/ament_prefix_path.dsv
[1.574s] -- Up-to-date: /home/tei/ros2_ws/src/install/person_msgs/share/person_msgs/environment/path.sh
[1.574s] -- Installing: /home/tei/ros2_ws/src/install/person_msgs/share/person_msgs/environment/path.dsv
[1.574s] -- Up-to-date: /home/tei/ros2_ws/src/install/person_msgs/share/person_msgs/local_setup.bash
[1.574s] -- Up-to-date: /home/tei/ros2_ws/src/install/person_msgs/share/person_msgs/local_setup.sh
[1.574s] -- Up-to-date: /home/tei/ros2_ws/src/install/person_msgs/share/person_msgs/local_setup.zsh
[1.574s] -- Installing: /home/tei/ros2_ws/src/install/person_msgs/share/person_msgs/local_setup.dsv
[1.575s] -- Installing: /home/tei/ros2_ws/src/install/person_msgs/share/person_msgs/package.dsv
[1.575s] -- Up-to-date: /home/tei/ros2_ws/src/install/person_msgs/share/ament_index/resource_index/packages/person_msgs
[1.575s] -- Up-to-date: /home/tei/ros2_ws/src/install/person_msgs/share/person_msgs/cmake/export_person_msgs__rosidl_generator_cExport.cmake
[1.575s] -- Up-to-date: /home/tei/ros2_ws/src/install/person_msgs/share/person_msgs/cmake/export_person_msgs__rosidl_generator_cExport-noconfig.cmake
[1.575s] -- Up-to-date: /home/tei/ros2_ws/src/install/person_msgs/share/person_msgs/cmake/export_person_msgs__rosidl_typesupport_fastrtps_cExport.cmake
[1.575s] -- Up-to-date: /home/tei/ros2_ws/src/install/person_msgs/share/person_msgs/cmake/export_person_msgs__rosidl_typesupport_fastrtps_cExport-noconfig.cmake
[1.575s] -- Up-to-date: /home/tei/ros2_ws/src/install/person_msgs/share/person_msgs/cmake/person_msgs__rosidl_typesupport_introspection_cExport.cmake
[1.575s] -- Up-to-date: /home/tei/ros2_ws/src/install/person_msgs/share/person_msgs/cmake/person_msgs__rosidl_typesupport_introspection_cExport-noconfig.cmake
[1.575s] -- Up-to-date: /home/tei/ros2_ws/src/install/person_msgs/share/person_msgs/cmake/person_msgs__rosidl_typesupport_cExport.cmake
[1.575s] -- Up-to-date: /home/tei/ros2_ws/src/install/person_msgs/share/person_msgs/cmake/person_msgs__rosidl_typesupport_cExport-noconfig.cmake
[1.575s] -- Up-to-date: /home/tei/ros2_ws/src/install/person_msgs/share/person_msgs/cmake/export_person_msgs__rosidl_generator_cppExport.cmake
[1.575s] -- Up-to-date: /home/tei/ros2_ws/src/install/person_msgs/share/person_msgs/cmake/export_person_msgs__rosidl_typesupport_fastrtps_cppExport.cmake
[1.575s] -- Up-to-date: /home/tei/ros2_ws/src/install/person_msgs/share/person_msgs/cmake/export_person_msgs__rosidl_typesupport_fastrtps_cppExport-noconfig.cmake
[1.575s] -- Up-to-date: /home/tei/ros2_ws/src/install/person_msgs/share/person_msgs/cmake/person_msgs__rosidl_typesupport_introspection_cppExport.cmake
[1.575s] -- Up-to-date: /home/tei/ros2_ws/src/install/person_msgs/share/person_msgs/cmake/person_msgs__rosidl_typesupport_introspection_cppExport-noconfig.cmake
[1.575s] -- Up-to-date: /home/tei/ros2_ws/src/install/person_msgs/share/person_msgs/cmake/person_msgs__rosidl_typesupport_cppExport.cmake
[1.575s] -- Up-to-date: /home/tei/ros2_ws/src/install/person_msgs/share/person_msgs/cmake/person_msgs__rosidl_typesupport_cppExport-noconfig.cmake
[1.575s] -- Up-to-date: /home/tei/ros2_ws/src/install/person_msgs/share/person_msgs/cmake/export_person_msgs__rosidl_generator_pyExport.cmake
[1.575s] -- Up-to-date: /home/tei/ros2_ws/src/install/person_msgs/share/person_msgs/cmake/export_person_msgs__rosidl_generator_pyExport-noconfig.cmake
[1.575s] -- Installing: /home/tei/ros2_ws/src/install/person_msgs/share/person_msgs/cmake/rosidl_cmake-extras.cmake
[1.575s] -- Up-to-date: /home/tei/ros2_ws/src/install/person_msgs/share/person_msgs/cmake/ament_cmake_export_include_directories-extras.cmake
[1.575s] -- Up-to-date: /home/tei/ros2_ws/src/install/person_msgs/share/person_msgs/cmake/ament_cmake_export_libraries-extras.cmake
[1.575s] -- Up-to-date: /home/tei/ros2_ws/src/install/person_msgs/share/person_msgs/cmake/ament_cmake_export_targets-extras.cmake
[1.575s] -- Up-to-date: /home/tei/ros2_ws/src/install/person_msgs/share/person_msgs/cmake/rosidl_cmake_export_typesupport_targets-extras.cmake
[1.575s] -- Up-to-date: /home/tei/ros2_ws/src/install/person_msgs/share/person_msgs/cmake/ament_cmake_export_dependencies-extras.cmake
[1.576s] -- Up-to-date: /home/tei/ros2_ws/src/install/person_msgs/share/person_msgs/cmake/rosidl_cmake_export_typesupport_libraries-extras.cmake
[1.576s] -- Up-to-date: /home/tei/ros2_ws/src/install/person_msgs/share/person_msgs/cmake/person_msgsConfig.cmake
[1.576s] -- Up-to-date: /home/tei/ros2_ws/src/install/person_msgs/share/person_msgs/cmake/person_msgsConfig-version.cmake
[1.576s] -- Up-to-date: /home/tei/ros2_ws/src/install/person_msgs/share/person_msgs/package.xml
[1.576s] Invoked command in '/home/tei/ros2_ws/src/build/person_msgs' returned '0': CMAKE_PREFIX_PATH=${CMAKE_PREFIX_PATH}:/home/tei/ros2_ws/install/mypkg:/opt/ros/humble /usr/bin/cmake --install /home/tei/ros2_ws/src/build/person_msgs
