[0.363s] Invoking command in '/home/tei/ros2_ws/src/mypkg': PYTHONPATH=/home/tei/ros2_ws/src/build/mypkg/prefix_override:/home/tei/ros2_ws/src/install/mypkg/lib/python3.10/site-packages:${PYTHONPATH} /usr/bin/python3 setup.py egg_info --egg-base ../build/mypkg build --build-base /home/tei/ros2_ws/src/build/mypkg/build install --record /home/tei/ros2_ws/src/build/mypkg/install.log --single-version-externally-managed
[0.473s] running egg_info
[0.473s] writing ../build/mypkg/mypkg.egg-info/PKG-INFO
[0.473s] writing dependency_links to ../build/mypkg/mypkg.egg-info/dependency_links.txt
[0.473s] writing entry points to ../build/mypkg/mypkg.egg-info/entry_points.txt
[0.474s] writing requirements to ../build/mypkg/mypkg.egg-info/requires.txt
[0.474s] writing top-level names to ../build/mypkg/mypkg.egg-info/top_level.txt
[0.474s] reading manifest file '../build/mypkg/mypkg.egg-info/SOURCES.txt'
[0.475s] adding license file 'LICENSE'
[0.475s] writing manifest file '../build/mypkg/mypkg.egg-info/SOURCES.txt'
[0.475s] running build
[0.475s] running build_py
[0.476s] running install
[0.476s] /usr/lib/python3/dist-packages/setuptools/command/install.py:34: SetuptoolsDeprecationWarning: setup.py install is deprecated. Use build and pip and other standards-based tools.
[0.476s]   warnings.warn(
[0.476s] running install_lib
[0.476s] running install_data
[0.477s] copying package.xml -> /home/tei/ros2_ws/src/install/mypkg/share/mypkg
[0.477s] copying launch/talk_listen.launch.py -> /home/tei/ros2_ws/src/install/mypkg/share/mypkg
[0.477s] running install_egg_info
[0.478s] removing '/home/tei/ros2_ws/src/install/mypkg/lib/python3.10/site-packages/mypkg-0.0.0-py3.10.egg-info' (and everything under it)
[0.478s] Copying ../build/mypkg/mypkg.egg-info to /home/tei/ros2_ws/src/install/mypkg/lib/python3.10/site-packages/mypkg-0.0.0-py3.10.egg-info
[0.478s] running install_scripts
[0.490s] Installing listener script to /home/tei/ros2_ws/src/install/mypkg/lib/mypkg
[0.490s] Installing talker script to /home/tei/ros2_ws/src/install/mypkg/lib/mypkg
[0.490s] writing list of installed files to '/home/tei/ros2_ws/src/build/mypkg/install.log'
[0.505s] Invoked command in '/home/tei/ros2_ws/src/mypkg' returned '0': PYTHONPATH=/home/tei/ros2_ws/src/build/mypkg/prefix_override:/home/tei/ros2_ws/src/install/mypkg/lib/python3.10/site-packages:${PYTHONPATH} /usr/bin/python3 setup.py egg_info --egg-base ../build/mypkg build --build-base /home/tei/ros2_ws/src/build/mypkg/build install --record /home/tei/ros2_ws/src/build/mypkg/install.log --single-version-externally-managed
